<?xml version="1.0" encoding="UTF-8"?>
<testng-results skipped="0" failed="0" ignored="0" total="1" passed="1">
  <reporter-output>
  </reporter-output>
  <suite name="Default suite" duration-ms="16624" started-at="2021-08-24T10:47:38Z" finished-at="2021-08-24T10:47:54Z">
    <groups>
    </groups>
    <test name="Default test" duration-ms="16624" started-at="2021-08-24T10:47:38Z" finished-at="2021-08-24T10:47:54Z">
      <class name="TestDemo.ToolsQaTests">
        <test-method status="PASS" signature="launchUrl()[pri:0, instance:TestDemo.ToolsQaTests@5a5338df]" name="launchUrl" is-config="true" duration-ms="8439" started-at="2021-08-24T10:47:38Z" finished-at="2021-08-24T10:47:46Z">
          <reporter-output>
          </reporter-output>
        </test-method> <!-- launchUrl -->
        <test-method status="PASS" signature="addNewRecordandVerify()[pri:0, instance:TestDemo.ToolsQaTests@5a5338df]" name="addNewRecordandVerify" duration-ms="6019" started-at="2021-08-24T10:47:46Z" finished-at="2021-08-24T10:47:52Z">
          <reporter-output>
          </reporter-output>
        </test-method> <!-- addNewRecordandVerify -->
        <test-method status="PASS" signature="closeBrowser()[pri:0, instance:TestDemo.ToolsQaTests@5a5338df]" name="closeBrowser" is-config="true" duration-ms="2045" started-at="2021-08-24T10:47:52Z" finished-at="2021-08-24T10:47:54Z">
          <reporter-output>
          </reporter-output>
        </test-method> <!-- closeBrowser -->
      </class> <!-- TestDemo.ToolsQaTests -->
    </test> <!-- Default test -->
  </suite> <!-- Default suite -->
</testng-results>
